Arguments: 
  /home/xelpmoc-10/.linuxbrew/Cellar/node/11.9.0/bin/node /usr/local/bin/yarn start

PATH: 
  /home/xelpmoc-10/.linuxbrew/bin:/home/xelpmoc-10/.linuxbrew/bin:~/anaconda/bin:/home/xelpmoc-10/.linuxbrew/bin:/home/xelpmoc-10/.linuxbrew/bin:~/anaconda/bin:/home/linuxbrew/.linuxbrew/bin:/home/linuxbrew/.linuxbrew/sbin:/usr/local/sbin:/usr/local/bin:/usr/sbin:/usr/bin:/sbin:/bin:/usr/games:/usr/local/games:/snap/bin:/home/xelpmoc-10/.rvm/bin:/usr/lib/jvm/java-8-openjdk-amd64/bin:/home/xelpmoc-10/Android/Sdk/tools/:/home/xelpmoc-10/Android/Sdk/platform-tools/:/home/xelpmoc-10/home/xelpmoc-10/Desktop/appium/apache-ant-1.10.5/bin:/home/xelpmoc-10/usr/share/maven/usr/share/maven/bin:/home/xelpmoc-10/.rvm/bin:/usr/lib/jvm/java-8-openjdk-amd64/bin:/home/xelpmoc-10/Android/Sdk/tools/:/home/xelpmoc-10/Android/Sdk/platform-tools/:/home/xelpmoc-10/home/xelpmoc-10/Desktop/appium/apache-ant-1.10.5/bin:/home/xelpmoc-10/usr/share/maven/usr/share/maven/bin:/home/xelpmoc-10/.rvm/bin

Yarn version: 
  1.5.1

Node version: 
  11.9.0

Platform: 
  linux x64

npm manifest: 
  {
    "name": "school",
    "version": "1.0.0",
    "description": "",
    "main": "index.js",
    "scripts": {
      "test": "echo \"Error: no test specified\" && exit 1",
      "build": "rimraf dist/ && babel ./ --out-dir dist/ --ignore ./node_modules,./.babelrc,./package.json,./npm-debug.log --copy-files",
      "start": "npm run build && node dist/src/index.js"
    },
    "keywords": [],
    "author": "",
    "license": "ISC",
    "dependencies": {
      "express": "^4.16.4",
      "lodash": "^4.17.11",
      "mongoose": "^5.4.16",
      "morgan": "^1.9.1"
    },
    "devDependencies": {
      "babel-cli": "^6.26.0",
      "babel-preset-es2015": "^6.24.1",
      "rimraf": "^2.6.3"
    }
  }

yarn manifest: 
  No manifest

Lockfile: 
  No lockfile

Trace: 
  Error: Command failed.
  Exit code: 1
  Command: sh
  Arguments: -c npm run build && node dist/src/index.js
  Directory: /home/xelpmoc-10/Desktop/school
  Output:
  
      at ProcessTermError.MessageError (/usr/local/lib/node_modules/yarn/lib/cli.js:186:110)
      at new ProcessTermError (/usr/local/lib/node_modules/yarn/lib/cli.js:226:113)
      at ChildProcess.<anonymous> (/usr/local/lib/node_modules/yarn/lib/cli.js:30281:17)
      at ChildProcess.emit (events.js:197:13)
      at maybeClose (internal/child_process.js:978:16)
      at Process.ChildProcess._handle.onexit (internal/child_process.js:265:5)
